<?xml version="1.0" encoding="UTF-8"?>
<testng-results skipped="0" failed="0" ignored="0" total="1" passed="1">
  <reporter-output>
  </reporter-output>
  <suite name="Suite" duration-ms="44" started-at="2018-01-14T04:59:58Z" finished-at="2018-01-14T04:59:58Z">
    <groups>
    </groups>
    <test name="Test" duration-ms="44" started-at="2018-01-14T04:59:58Z" finished-at="2018-01-14T04:59:58Z">
      <class name="DemoJenkins.DemoJenkinsJob">
        <test-method status="PASS" signature="testJenkins()[pri:0, instance:DemoJenkins.DemoJenkinsJob@77cd7a0]" name="testJenkins" duration-ms="6" started-at="2018-01-14T10:29:58Z" finished-at="2018-01-14T10:29:58Z">
          <reporter-output>
          </reporter-output>
        </test-method> <!-- testJenkins -->
      </class> <!-- DemoJenkins.DemoJenkinsJob -->
    </test> <!-- Test -->
  </suite> <!-- Suite -->
</testng-results>
